0 info it worked if it ends with ok
1 verbose cli [ 'C:\\bin\\nodejs\\\\node.exe',
1 verbose cli   'C:\\bin\\nodejs\\node_modules\\npm\\bin\\npm-cli.js',
1 verbose cli   'run',
1 verbose cli   'build' ]
2 info using npm@1.4.28
3 info using node@v0.10.36
4 verbose node symlink C:\bin\nodejs\\node.exe
5 verbose run-script [ 'prebuild', 'build', 'postbuild' ]
6 info prebuild amber@0.0.0
7 info build amber@0.0.0
8 verbose unsafe-perm in lifecycle true
9 info amber@0.0.0 Failed to exec build script
10 error amber@0.0.0 build: `electron-packager . $npm_package_productName --prune --asar --ignore=node_modules/electron-prebuilt --ignore=node_modules/electron-packager --ignore=.git`
10 error Exit status 1
11 error Failed at the amber@0.0.0 build script.
11 error This is most likely a problem with the amber package,
11 error not with npm itself.
11 error Tell the author that this fails on your system:
11 error     electron-packager . $npm_package_productName --prune --asar --ignore=node_modules/electron-prebuilt --ignore=node_modules/electron-packager --ignore=.git
11 error You can get their info via:
11 error     npm owner ls amber
11 error There is likely additional logging output above.
12 error System Windows_NT 6.2.9200
13 error command "C:\\bin\\nodejs\\\\node.exe" "C:\\bin\\nodejs\\node_modules\\npm\\bin\\npm-cli.js" "run" "build"
14 error cwd U:\code\amber
15 error node -v v0.10.36
16 error npm -v 1.4.28
17 error code ELIFECYCLE
18 verbose exit [ 1, true ]
